2025-10-25T13:25:46.810-03:00  INFO 7076 --- [agendaCompartida] [main] c.s.agenda.AgendaCompartidaApplication   : Starting AgendaCompartidaApplication using Java 21.0.8 with PID 7076 (C:\Users\manue\Desktop\BOOTCAMP JAVA TRAINEE\07_MODULO_6\agendaCompartida\target\classes started by manue in C:\Users\manue\Desktop\BOOTCAMP JAVA TRAINEE\07_MODULO_6\agendaCompartida)
2025-10-25T13:25:46.812-03:00 DEBUG 7076 --- [agendaCompartida] [main] c.s.agenda.AgendaCompartidaApplication   : Running with Spring Boot v3.5.7, Spring v6.2.12
2025-10-25T13:25:46.812-03:00  INFO 7076 --- [agendaCompartida] [main] c.s.agenda.AgendaCompartidaApplication   : No active profile set, falling back to 1 default profile: "default"
2025-10-25T13:25:47.466-03:00  INFO 7076 --- [agendaCompartida] [main] o.s.b.w.embedded.tomcat.TomcatWebServer  : Tomcat initialized with port 8080 (http)
2025-10-25T13:25:47.477-03:00  INFO 7076 --- [agendaCompartida] [main] o.apache.catalina.core.StandardService   : Starting service [Tomcat]
2025-10-25T13:25:47.477-03:00  INFO 7076 --- [agendaCompartida] [main] o.apache.catalina.core.StandardEngine    : Starting Servlet engine: [Apache Tomcat/10.1.48]
2025-10-25T13:25:47.639-03:00  INFO 7076 --- [agendaCompartida] [main] org.apache.jasper.servlet.TldScanner     : At least one JAR was scanned for TLDs yet contained no TLDs. Enable debug logging for this logger for a complete list of JARs that were scanned but no TLDs were found in them. Skipping unneeded JARs during scanning can improve startup time and JSP compilation time.
2025-10-25T13:25:47.647-03:00  INFO 7076 --- [agendaCompartida] [main] o.a.c.c.C.[Tomcat].[localhost].[/]       : Initializing Spring embedded WebApplicationContext
2025-10-25T13:25:47.648-03:00  INFO 7076 --- [agendaCompartida] [main] w.s.c.ServletWebServerApplicationContext : Root WebApplicationContext: initialization completed in 796 ms
2025-10-25T13:25:47.942-03:00  INFO 7076 --- [agendaCompartida] [main] o.s.b.w.embedded.tomcat.TomcatWebServer  : Tomcat started on port 8080 (http) with context path '/'
2025-10-25T13:25:47.948-03:00  INFO 7076 --- [agendaCompartida] [main] c.s.agenda.AgendaCompartidaApplication   : Started AgendaCompartidaApplication in 1.51 seconds (process running for 1.983)
2025-10-25T13:25:52.078-03:00  INFO 7076 --- [agendaCompartida] [http-nio-8080-exec-1] o.a.c.c.C.[Tomcat].[localhost].[/]       : Initializing Spring DispatcherServlet 'dispatcherServlet'
2025-10-25T13:25:52.079-03:00  INFO 7076 --- [agendaCompartida] [http-nio-8080-exec-1] o.s.web.servlet.DispatcherServlet        : Initializing Servlet 'dispatcherServlet'
2025-10-25T13:25:52.080-03:00  INFO 7076 --- [agendaCompartida] [http-nio-8080-exec-1] o.s.web.servlet.DispatcherServlet        : Completed initialization in 1 ms
2025-10-25T13:27:32.708-03:00  INFO 7076 --- [agendaCompartida] [RMI TCP Connection(11)-127.0.0.1] inMXBeanRegistrar$SpringApplicationAdmin : Application shutdown requested.
2025-10-25T13:27:32.710-03:00  INFO 7076 --- [agendaCompartida] [RMI TCP Connection(11)-127.0.0.1] o.s.b.w.e.tomcat.GracefulShutdown        : Commencing graceful shutdown. Waiting for active requests to complete
2025-10-25T13:27:32.716-03:00  INFO 7076 --- [agendaCompartida] [tomcat-shutdown] o.s.b.w.e.tomcat.GracefulShutdown        : Graceful shutdown complete
2025-10-25T13:27:45.447-03:00  INFO 9852 --- [agendaCompartida] [main] c.s.agenda.AgendaCompartidaApplication   : Starting AgendaCompartidaApplication using Java 21.0.8 with PID 9852 (C:\Users\manue\Desktop\BOOTCAMP JAVA TRAINEE\07_MODULO_6\agendaCompartida\target\classes started by manue in C:\Users\manue\Desktop\BOOTCAMP JAVA TRAINEE\07_MODULO_6\agendaCompartida)
2025-10-25T13:27:45.449-03:00 DEBUG 9852 --- [agendaCompartida] [main] c.s.agenda.AgendaCompartidaApplication   : Running with Spring Boot v3.5.7, Spring v6.2.12
2025-10-25T13:27:45.449-03:00  INFO 9852 --- [agendaCompartida] [main] c.s.agenda.AgendaCompartidaApplication   : No active profile set, falling back to 1 default profile: "default"
2025-10-25T13:27:46.077-03:00  INFO 9852 --- [agendaCompartida] [main] o.s.b.w.embedded.tomcat.TomcatWebServer  : Tomcat initialized with port 8080 (http)
2025-10-25T13:27:46.088-03:00  INFO 9852 --- [agendaCompartida] [main] o.apache.catalina.core.StandardService   : Starting service [Tomcat]
2025-10-25T13:27:46.089-03:00  INFO 9852 --- [agendaCompartida] [main] o.apache.catalina.core.StandardEngine    : Starting Servlet engine: [Apache Tomcat/10.1.48]
2025-10-25T13:27:46.280-03:00  INFO 9852 --- [agendaCompartida] [main] org.apache.jasper.servlet.TldScanner     : At least one JAR was scanned for TLDs yet contained no TLDs. Enable debug logging for this logger for a complete list of JARs that were scanned but no TLDs were found in them. Skipping unneeded JARs during scanning can improve startup time and JSP compilation time.
2025-10-25T13:27:46.288-03:00  INFO 9852 --- [agendaCompartida] [main] o.a.c.c.C.[Tomcat].[localhost].[/]       : Initializing Spring embedded WebApplicationContext
2025-10-25T13:27:46.288-03:00  INFO 9852 --- [agendaCompartida] [main] w.s.c.ServletWebServerApplicationContext : Root WebApplicationContext: initialization completed in 802 ms
2025-10-25T13:27:46.583-03:00  INFO 9852 --- [agendaCompartida] [main] o.s.b.w.embedded.tomcat.TomcatWebServer  : Tomcat started on port 8080 (http) with context path '/'
2025-10-25T13:27:46.590-03:00  INFO 9852 --- [agendaCompartida] [main] c.s.agenda.AgendaCompartidaApplication   : Started AgendaCompartidaApplication in 1.49 seconds (process running for 1.956)
2025-10-25T13:27:50.304-03:00  INFO 9852 --- [agendaCompartida] [http-nio-8080-exec-1] o.a.c.c.C.[Tomcat].[localhost].[/]       : Initializing Spring DispatcherServlet 'dispatcherServlet'
2025-10-25T13:27:50.306-03:00  INFO 9852 --- [agendaCompartida] [http-nio-8080-exec-1] o.s.web.servlet.DispatcherServlet        : Initializing Servlet 'dispatcherServlet'
2025-10-25T13:27:50.307-03:00  INFO 9852 --- [agendaCompartida] [http-nio-8080-exec-1] o.s.web.servlet.DispatcherServlet        : Completed initialization in 1 ms
2025-10-25T13:28:48.867-03:00  INFO 9852 --- [agendaCompartida] [RMI TCP Connection(9)-127.0.0.1] inMXBeanRegistrar$SpringApplicationAdmin : Application shutdown requested.
2025-10-25T13:28:48.870-03:00  INFO 9852 --- [agendaCompartida] [RMI TCP Connection(9)-127.0.0.1] o.s.b.w.e.tomcat.GracefulShutdown        : Commencing graceful shutdown. Waiting for active requests to complete
2025-10-25T13:28:48.876-03:00  INFO 9852 --- [agendaCompartida] [tomcat-shutdown] o.s.b.w.e.tomcat.GracefulShutdown        : Graceful shutdown complete
2025-10-25T13:29:49.286-03:00  INFO 30924 --- [agendaCompartida] [main] c.s.a.AgendaCompartidaApplicationTests   : Starting AgendaCompartidaApplicationTests using Java 21.0.8 with PID 30924 (started by manue in C:\Users\manue\Desktop\BOOTCAMP JAVA TRAINEE\07_MODULO_6\agendaCompartida)
2025-10-25T13:29:49.287-03:00 DEBUG 30924 --- [agendaCompartida] [main] c.s.a.AgendaCompartidaApplicationTests   : Running with Spring Boot v3.5.7, Spring v6.2.12
2025-10-25T13:29:49.288-03:00  INFO 30924 --- [agendaCompartida] [main] c.s.a.AgendaCompartidaApplicationTests   : No active profile set, falling back to 1 default profile: "default"
2025-10-25T13:29:50.520-03:00  INFO 30924 --- [agendaCompartida] [main] c.s.a.AgendaCompartidaApplicationTests   : Started AgendaCompartidaApplicationTests in 1.567 seconds (process running for 2.577)
2025-10-25T13:29:51.217-03:00  INFO 30924 --- [agendaCompartida] [main] t.c.s.AnnotationConfigContextLoaderUtils : Could not detect default configuration classes for test class [com.skillnest.agenda.AgendaServiceTest]: AgendaServiceTest does not declare any static, non-private, non-final, nested classes annotated with @Configuration.
2025-10-25T13:29:51.222-03:00  INFO 30924 --- [agendaCompartida] [main] .b.t.c.SpringBootTestContextBootstrapper : Found @SpringBootConfiguration com.skillnest.agenda.AgendaCompartidaApplication for test class com.skillnest.agenda.AgendaServiceTest
2025-10-25T13:29:51.282-03:00  INFO 30924 --- [agendaCompartida] [main] com.skillnest.agenda.AgendaServiceTest   : Starting AgendaServiceTest using Java 21.0.8 with PID 30924 (started by manue in C:\Users\manue\Desktop\BOOTCAMP JAVA TRAINEE\07_MODULO_6\agendaCompartida)
2025-10-25T13:29:51.282-03:00 DEBUG 30924 --- [agendaCompartida] [main] com.skillnest.agenda.AgendaServiceTest   : Running with Spring Boot v3.5.7, Spring v6.2.12
2025-10-25T13:29:51.283-03:00  INFO 30924 --- [agendaCompartida] [main] com.skillnest.agenda.AgendaServiceTest   : No active profile set, falling back to 1 default profile: "default"
2025-10-25T13:29:51.512-03:00  INFO 30924 --- [agendaCompartida] [main] com.skillnest.agenda.AgendaServiceTest   : Started AgendaServiceTest in 0.271 seconds (process running for 3.569)
2025-10-25T13:31:54.283-03:00  INFO 25536 --- [agendaCompartida] [main] c.s.agenda.AgendaCompartidaApplication   : Starting AgendaCompartidaApplication using Java 21.0.8 with PID 25536 (C:\Users\manue\Desktop\BOOTCAMP JAVA TRAINEE\07_MODULO_6\agendaCompartida\target\classes started by manue in C:\Users\manue\Desktop\BOOTCAMP JAVA TRAINEE\07_MODULO_6\agendaCompartida)
2025-10-25T13:31:54.284-03:00 DEBUG 25536 --- [agendaCompartida] [main] c.s.agenda.AgendaCompartidaApplication   : Running with Spring Boot v3.5.7, Spring v6.2.12
2025-10-25T13:31:54.285-03:00  INFO 25536 --- [agendaCompartida] [main] c.s.agenda.AgendaCompartidaApplication   : No active profile set, falling back to 1 default profile: "default"
2025-10-25T13:31:54.961-03:00  INFO 25536 --- [agendaCompartida] [main] o.s.b.w.embedded.tomcat.TomcatWebServer  : Tomcat initialized with port 8080 (http)
2025-10-25T13:31:54.972-03:00  INFO 25536 --- [agendaCompartida] [main] o.apache.catalina.core.StandardService   : Starting service [Tomcat]
2025-10-25T13:31:54.973-03:00  INFO 25536 --- [agendaCompartida] [main] o.apache.catalina.core.StandardEngine    : Starting Servlet engine: [Apache Tomcat/10.1.48]
2025-10-25T13:31:55.137-03:00  INFO 25536 --- [agendaCompartida] [main] org.apache.jasper.servlet.TldScanner     : At least one JAR was scanned for TLDs yet contained no TLDs. Enable debug logging for this logger for a complete list of JARs that were scanned but no TLDs were found in them. Skipping unneeded JARs during scanning can improve startup time and JSP compilation time.
2025-10-25T13:31:55.143-03:00  INFO 25536 --- [agendaCompartida] [main] o.a.c.c.C.[Tomcat].[localhost].[/]       : Initializing Spring embedded WebApplicationContext
2025-10-25T13:31:55.143-03:00  INFO 25536 --- [agendaCompartida] [main] w.s.c.ServletWebServerApplicationContext : Root WebApplicationContext: initialization completed in 813 ms
2025-10-25T13:31:55.432-03:00  INFO 25536 --- [agendaCompartida] [main] o.s.b.w.embedded.tomcat.TomcatWebServer  : Tomcat started on port 8080 (http) with context path '/'
2025-10-25T13:31:55.438-03:00  INFO 25536 --- [agendaCompartida] [main] c.s.agenda.AgendaCompartidaApplication   : Started AgendaCompartidaApplication in 1.533 seconds (process running for 2.029)
2025-10-25T13:31:56.405-03:00  INFO 25536 --- [agendaCompartida] [http-nio-8080-exec-1] o.a.c.c.C.[Tomcat].[localhost].[/]       : Initializing Spring DispatcherServlet 'dispatcherServlet'
2025-10-25T13:31:56.405-03:00  INFO 25536 --- [agendaCompartida] [http-nio-8080-exec-1] o.s.web.servlet.DispatcherServlet        : Initializing Servlet 'dispatcherServlet'
2025-10-25T13:31:56.406-03:00  INFO 25536 --- [agendaCompartida] [http-nio-8080-exec-1] o.s.web.servlet.DispatcherServlet        : Completed initialization in 1 ms
2025-10-25T13:32:06.826-03:00  INFO 25536 --- [agendaCompartida] [RMI TCP Connection(8)-127.0.0.1] inMXBeanRegistrar$SpringApplicationAdmin : Application shutdown requested.
2025-10-25T13:32:06.828-03:00  INFO 25536 --- [agendaCompartida] [RMI TCP Connection(8)-127.0.0.1] o.s.b.w.e.tomcat.GracefulShutdown        : Commencing graceful shutdown. Waiting for active requests to complete
2025-10-25T13:32:06.834-03:00  INFO 25536 --- [agendaCompartida] [tomcat-shutdown] o.s.b.w.e.tomcat.GracefulShutdown        : Graceful shutdown complete
2025-10-25T13:32:22.129-03:00  INFO 13952 --- [agendaCompartida] [main] c.s.a.AgendaCompartidaApplicationTests   : Starting AgendaCompartidaApplicationTests using Java 21.0.8 with PID 13952 (started by manue in C:\Users\manue\Desktop\BOOTCAMP JAVA TRAINEE\07_MODULO_6\agendaCompartida)
2025-10-25T13:32:22.130-03:00 DEBUG 13952 --- [agendaCompartida] [main] c.s.a.AgendaCompartidaApplicationTests   : Running with Spring Boot v3.5.7, Spring v6.2.12
2025-10-25T13:32:22.130-03:00  INFO 13952 --- [agendaCompartida] [main] c.s.a.AgendaCompartidaApplicationTests   : No active profile set, falling back to 1 default profile: "default"
2025-10-25T13:32:23.349-03:00  INFO 13952 --- [agendaCompartida] [main] c.s.a.AgendaCompartidaApplicationTests   : Started AgendaCompartidaApplicationTests in 1.531 seconds (process running for 2.435)
2025-10-25T13:32:24.047-03:00  INFO 13952 --- [agendaCompartida] [main] t.c.s.AnnotationConfigContextLoaderUtils : Could not detect default configuration classes for test class [com.skillnest.agenda.AgendaServiceTest]: AgendaServiceTest does not declare any static, non-private, non-final, nested classes annotated with @Configuration.
2025-10-25T13:32:24.051-03:00  INFO 13952 --- [agendaCompartida] [main] .b.t.c.SpringBootTestContextBootstrapper : Found @SpringBootConfiguration com.skillnest.agenda.AgendaCompartidaApplication for test class com.skillnest.agenda.AgendaServiceTest
2025-10-25T13:32:24.108-03:00  INFO 13952 --- [agendaCompartida] [main] com.skillnest.agenda.AgendaServiceTest   : Starting AgendaServiceTest using Java 21.0.8 with PID 13952 (started by manue in C:\Users\manue\Desktop\BOOTCAMP JAVA TRAINEE\07_MODULO_6\agendaCompartida)
2025-10-25T13:32:24.108-03:00 DEBUG 13952 --- [agendaCompartida] [main] com.skillnest.agenda.AgendaServiceTest   : Running with Spring Boot v3.5.7, Spring v6.2.12
2025-10-25T13:32:24.108-03:00  INFO 13952 --- [agendaCompartida] [main] com.skillnest.agenda.AgendaServiceTest   : No active profile set, falling back to 1 default profile: "default"
2025-10-25T13:32:24.347-03:00  INFO 13952 --- [agendaCompartida] [main] com.skillnest.agenda.AgendaServiceTest   : Started AgendaServiceTest in 0.277 seconds (process running for 3.433)
2025-10-25T13:47:27.246-03:00  INFO 18956 --- [agendaCompartida] [main] c.s.a.AgendaCompartidaApplicationTests   : Starting AgendaCompartidaApplicationTests using Java 21.0.8 with PID 18956 (started by manue in C:\Users\manue\Desktop\BOOTCAMP JAVA TRAINEE\07_MODULO_6\agendaCompartida)
2025-10-25T13:47:27.247-03:00 DEBUG 18956 --- [agendaCompartida] [main] c.s.a.AgendaCompartidaApplicationTests   : Running with Spring Boot v3.5.7, Spring v6.2.12
2025-10-25T13:47:27.248-03:00  INFO 18956 --- [agendaCompartida] [main] c.s.a.AgendaCompartidaApplicationTests   : No active profile set, falling back to 1 default profile: "default"
2025-10-25T13:47:28.504-03:00  INFO 18956 --- [agendaCompartida] [main] c.s.a.AgendaCompartidaApplicationTests   : Started AgendaCompartidaApplicationTests in 1.554 seconds (process running for 2.464)
2025-10-25T13:47:29.176-03:00  INFO 18956 --- [agendaCompartida] [main] t.c.s.AnnotationConfigContextLoaderUtils : Could not detect default configuration classes for test class [com.skillnest.agenda.AgendaServiceTest]: AgendaServiceTest does not declare any static, non-private, non-final, nested classes annotated with @Configuration.
2025-10-25T13:47:29.178-03:00  INFO 18956 --- [agendaCompartida] [main] .b.t.c.SpringBootTestContextBootstrapper : Found @SpringBootConfiguration com.skillnest.agenda.AgendaCompartidaApplication for test class com.skillnest.agenda.AgendaServiceTest
2025-10-25T13:47:29.238-03:00  INFO 18956 --- [agendaCompartida] [main] com.skillnest.agenda.AgendaServiceTest   : Starting AgendaServiceTest using Java 21.0.8 with PID 18956 (started by manue in C:\Users\manue\Desktop\BOOTCAMP JAVA TRAINEE\07_MODULO_6\agendaCompartida)
2025-10-25T13:47:29.238-03:00 DEBUG 18956 --- [agendaCompartida] [main] com.skillnest.agenda.AgendaServiceTest   : Running with Spring Boot v3.5.7, Spring v6.2.12
2025-10-25T13:47:29.239-03:00  INFO 18956 --- [agendaCompartida] [main] com.skillnest.agenda.AgendaServiceTest   : No active profile set, falling back to 1 default profile: "default"
2025-10-25T13:47:29.500-03:00  INFO 18956 --- [agendaCompartida] [main] com.skillnest.agenda.AgendaServiceTest   : Started AgendaServiceTest in 0.302 seconds (process running for 3.46)
2025-10-25T13:51:28.118-03:00  INFO 20484 --- [agendaCompartida] [main] c.s.a.AgendaCompartidaApplicationTests   : Starting AgendaCompartidaApplicationTests using Java 21.0.8 with PID 20484 (started by manue in C:\Users\manue\Desktop\BOOTCAMP JAVA TRAINEE\07_MODULO_6\agendaCompartida)
2025-10-25T13:51:28.119-03:00 DEBUG 20484 --- [agendaCompartida] [main] c.s.a.AgendaCompartidaApplicationTests   : Running with Spring Boot v3.5.7, Spring v6.2.12
2025-10-25T13:51:28.120-03:00  INFO 20484 --- [agendaCompartida] [main] c.s.a.AgendaCompartidaApplicationTests   : No active profile set, falling back to 1 default profile: "default"
2025-10-25T13:51:29.406-03:00  INFO 20484 --- [agendaCompartida] [main] c.s.a.AgendaCompartidaApplicationTests   : Started AgendaCompartidaApplicationTests in 1.609 seconds (process running for 2.559)
2025-10-25T13:51:30.115-03:00  INFO 20484 --- [agendaCompartida] [main] t.c.s.AnnotationConfigContextLoaderUtils : Could not detect default configuration classes for test class [com.skillnest.agenda.AgendaServiceTest]: AgendaServiceTest does not declare any static, non-private, non-final, nested classes annotated with @Configuration.
2025-10-25T13:51:30.118-03:00  INFO 20484 --- [agendaCompartida] [main] .b.t.c.SpringBootTestContextBootstrapper : Found @SpringBootConfiguration com.skillnest.agenda.AgendaCompartidaApplication for test class com.skillnest.agenda.AgendaServiceTest
2025-10-25T13:51:30.180-03:00  INFO 20484 --- [agendaCompartida] [main] com.skillnest.agenda.AgendaServiceTest   : Starting AgendaServiceTest using Java 21.0.8 with PID 20484 (started by manue in C:\Users\manue\Desktop\BOOTCAMP JAVA TRAINEE\07_MODULO_6\agendaCompartida)
2025-10-25T13:51:30.180-03:00 DEBUG 20484 --- [agendaCompartida] [main] com.skillnest.agenda.AgendaServiceTest   : Running with Spring Boot v3.5.7, Spring v6.2.12
2025-10-25T13:51:30.180-03:00  INFO 20484 --- [agendaCompartida] [main] com.skillnest.agenda.AgendaServiceTest   : No active profile set, falling back to 1 default profile: "default"
2025-10-25T13:51:30.439-03:00  INFO 20484 --- [agendaCompartida] [main] com.skillnest.agenda.AgendaServiceTest   : Started AgendaServiceTest in 0.3 seconds (process running for 3.591)
2025-10-25T13:55:58.099-03:00  INFO 25852 --- [agendaCompartida] [main] c.s.a.AgendaCompartidaApplicationTests   : Starting AgendaCompartidaApplicationTests using Java 21.0.8 with PID 25852 (started by manue in C:\Users\manue\Desktop\BOOTCAMP JAVA TRAINEE\07_MODULO_6\agendaCompartida)
2025-10-25T13:55:58.099-03:00 DEBUG 25852 --- [agendaCompartida] [main] c.s.a.AgendaCompartidaApplicationTests   : Running with Spring Boot v3.5.7, Spring v6.2.12
2025-10-25T13:55:58.101-03:00  INFO 25852 --- [agendaCompartida] [main] c.s.a.AgendaCompartidaApplicationTests   : No active profile set, falling back to 1 default profile: "default"
2025-10-25T13:55:59.427-03:00  INFO 25852 --- [agendaCompartida] [main] c.s.a.AgendaCompartidaApplicationTests   : Started AgendaCompartidaApplicationTests in 1.623 seconds (process running for 2.482)
2025-10-25T13:56:00.168-03:00  INFO 25852 --- [agendaCompartida] [main] t.c.s.AnnotationConfigContextLoaderUtils : Could not detect default configuration classes for test class [com.skillnest.agenda.AgendaServiceTest]: AgendaServiceTest does not declare any static, non-private, non-final, nested classes annotated with @Configuration.
2025-10-25T13:56:00.172-03:00  INFO 25852 --- [agendaCompartida] [main] .b.t.c.SpringBootTestContextBootstrapper : Found @SpringBootConfiguration com.skillnest.agenda.AgendaCompartidaApplication for test class com.skillnest.agenda.AgendaServiceTest
2025-10-25T13:56:00.236-03:00  INFO 25852 --- [agendaCompartida] [main] com.skillnest.agenda.AgendaServiceTest   : Starting AgendaServiceTest using Java 21.0.8 with PID 25852 (started by manue in C:\Users\manue\Desktop\BOOTCAMP JAVA TRAINEE\07_MODULO_6\agendaCompartida)
2025-10-25T13:56:00.237-03:00 DEBUG 25852 --- [agendaCompartida] [main] com.skillnest.agenda.AgendaServiceTest   : Running with Spring Boot v3.5.7, Spring v6.2.12
2025-10-25T13:56:00.237-03:00  INFO 25852 --- [agendaCompartida] [main] com.skillnest.agenda.AgendaServiceTest   : No active profile set, falling back to 1 default profile: "default"
2025-10-25T13:56:00.510-03:00  INFO 25852 --- [agendaCompartida] [main] com.skillnest.agenda.AgendaServiceTest   : Started AgendaServiceTest in 0.32 seconds (process running for 3.565)
2025-10-25T13:56:55.525-03:00  INFO 26700 --- [agendaCompartida] [main] c.s.a.AgendaCompartidaApplicationTests   : Starting AgendaCompartidaApplicationTests using Java 21.0.8 with PID 26700 (started by manue in C:\Users\manue\Desktop\BOOTCAMP JAVA TRAINEE\07_MODULO_6\agendaCompartida)
2025-10-25T13:56:55.526-03:00 DEBUG 26700 --- [agendaCompartida] [main] c.s.a.AgendaCompartidaApplicationTests   : Running with Spring Boot v3.5.7, Spring v6.2.12
2025-10-25T13:56:55.526-03:00  INFO 26700 --- [agendaCompartida] [main] c.s.a.AgendaCompartidaApplicationTests   : No active profile set, falling back to 1 default profile: "default"
2025-10-25T13:56:56.742-03:00  INFO 26700 --- [agendaCompartida] [main] c.s.a.AgendaCompartidaApplicationTests   : Started AgendaCompartidaApplicationTests in 1.509 seconds (process running for 2.401)
2025-10-25T13:56:57.444-03:00  INFO 26700 --- [agendaCompartida] [main] t.c.s.AnnotationConfigContextLoaderUtils : Could not detect default configuration classes for test class [com.skillnest.agenda.AgendaServiceTest]: AgendaServiceTest does not declare any static, non-private, non-final, nested classes annotated with @Configuration.
2025-10-25T13:56:57.447-03:00  INFO 26700 --- [agendaCompartida] [main] .b.t.c.SpringBootTestContextBootstrapper : Found @SpringBootConfiguration com.skillnest.agenda.AgendaCompartidaApplication for test class com.skillnest.agenda.AgendaServiceTest
2025-10-25T13:56:57.504-03:00  INFO 26700 --- [agendaCompartida] [main] com.skillnest.agenda.AgendaServiceTest   : Starting AgendaServiceTest using Java 21.0.8 with PID 26700 (started by manue in C:\Users\manue\Desktop\BOOTCAMP JAVA TRAINEE\07_MODULO_6\agendaCompartida)
2025-10-25T13:56:57.505-03:00 DEBUG 26700 --- [agendaCompartida] [main] com.skillnest.agenda.AgendaServiceTest   : Running with Spring Boot v3.5.7, Spring v6.2.12
2025-10-25T13:56:57.505-03:00  INFO 26700 --- [agendaCompartida] [main] com.skillnest.agenda.AgendaServiceTest   : No active profile set, falling back to 1 default profile: "default"
2025-10-25T13:56:57.754-03:00  INFO 26700 --- [agendaCompartida] [main] com.skillnest.agenda.AgendaServiceTest   : Started AgendaServiceTest in 0.285 seconds (process running for 3.412)
2025-10-25T13:59:35.510-03:00  INFO 15336 --- [agendaCompartida] [main] c.s.a.AgendaCompartidaApplicationTests   : Starting AgendaCompartidaApplicationTests using Java 21.0.8 with PID 15336 (started by manue in C:\Users\manue\Desktop\BOOTCAMP JAVA TRAINEE\07_MODULO_6\agendaCompartida)
2025-10-25T13:59:35.511-03:00 DEBUG 15336 --- [agendaCompartida] [main] c.s.a.AgendaCompartidaApplicationTests   : Running with Spring Boot v3.5.7, Spring v6.2.12
2025-10-25T13:59:35.511-03:00  INFO 15336 --- [agendaCompartida] [main] c.s.a.AgendaCompartidaApplicationTests   : No active profile set, falling back to 1 default profile: "default"
2025-10-25T13:59:36.775-03:00  INFO 15336 --- [agendaCompartida] [main] c.s.a.AgendaCompartidaApplicationTests   : Started AgendaCompartidaApplicationTests in 1.579 seconds (process running for 2.525)
2025-10-25T13:59:37.454-03:00  INFO 15336 --- [agendaCompartida] [main] t.c.s.AnnotationConfigContextLoaderUtils : Could not detect default configuration classes for test class [com.skillnest.agenda.AgendaServiceTest]: AgendaServiceTest does not declare any static, non-private, non-final, nested classes annotated with @Configuration.
2025-10-25T13:59:37.457-03:00  INFO 15336 --- [agendaCompartida] [main] .b.t.c.SpringBootTestContextBootstrapper : Found @SpringBootConfiguration com.skillnest.agenda.AgendaCompartidaApplication for test class com.skillnest.agenda.AgendaServiceTest
2025-10-25T13:59:37.549-03:00  INFO 15336 --- [agendaCompartida] [main] com.skillnest.agenda.AgendaServiceTest   : Starting AgendaServiceTest using Java 21.0.8 with PID 15336 (started by manue in C:\Users\manue\Desktop\BOOTCAMP JAVA TRAINEE\07_MODULO_6\agendaCompartida)
2025-10-25T13:59:37.549-03:00 DEBUG 15336 --- [agendaCompartida] [main] com.skillnest.agenda.AgendaServiceTest   : Running with Spring Boot v3.5.7, Spring v6.2.12
2025-10-25T13:59:37.549-03:00  INFO 15336 --- [agendaCompartida] [main] com.skillnest.agenda.AgendaServiceTest   : No active profile set, falling back to 1 default profile: "default"
2025-10-25T13:59:37.786-03:00  INFO 15336 --- [agendaCompartida] [main] com.skillnest.agenda.AgendaServiceTest   : Started AgendaServiceTest in 0.278 seconds (process running for 3.537)
2025-10-25T14:40:24.588-03:00  INFO 20732 --- [agendaCompartida] [main] c.s.agenda.AgendaCompartidaApplication   : Starting AgendaCompartidaApplication using Java 21.0.8 with PID 20732 (C:\Users\manue\Desktop\BOOTCAMP JAVA TRAINEE\07_MODULO_6\agendaCompartida\target\classes started by manue in C:\Users\manue\Desktop\BOOTCAMP JAVA TRAINEE\07_MODULO_6\agendaCompartida)
2025-10-25T14:40:24.589-03:00 DEBUG 20732 --- [agendaCompartida] [main] c.s.agenda.AgendaCompartidaApplication   : Running with Spring Boot v3.5.7, Spring v6.2.12
2025-10-25T14:40:24.590-03:00  INFO 20732 --- [agendaCompartida] [main] c.s.agenda.AgendaCompartidaApplication   : No active profile set, falling back to 1 default profile: "default"
2025-10-25T14:40:25.406-03:00  INFO 20732 --- [agendaCompartida] [main] o.s.b.w.embedded.tomcat.TomcatWebServer  : Tomcat initialized with port 8080 (http)
2025-10-25T14:40:25.419-03:00  INFO 20732 --- [agendaCompartida] [main] o.apache.catalina.core.StandardService   : Starting service [Tomcat]
2025-10-25T14:40:25.420-03:00  INFO 20732 --- [agendaCompartida] [main] o.apache.catalina.core.StandardEngine    : Starting Servlet engine: [Apache Tomcat/10.1.48]
2025-10-25T14:40:25.586-03:00  INFO 20732 --- [agendaCompartida] [main] org.apache.jasper.servlet.TldScanner     : At least one JAR was scanned for TLDs yet contained no TLDs. Enable debug logging for this logger for a complete list of JARs that were scanned but no TLDs were found in them. Skipping unneeded JARs during scanning can improve startup time and JSP compilation time.
2025-10-25T14:40:25.593-03:00  INFO 20732 --- [agendaCompartida] [main] o.a.c.c.C.[Tomcat].[localhost].[/]       : Initializing Spring embedded WebApplicationContext
2025-10-25T14:40:25.594-03:00  INFO 20732 --- [agendaCompartida] [main] w.s.c.ServletWebServerApplicationContext : Root WebApplicationContext: initialization completed in 969 ms
2025-10-25T14:40:25.890-03:00  INFO 20732 --- [agendaCompartida] [main] o.s.b.w.embedded.tomcat.TomcatWebServer  : Tomcat started on port 8080 (http) with context path '/'
2025-10-25T14:40:25.896-03:00  INFO 20732 --- [agendaCompartida] [main] c.s.agenda.AgendaCompartidaApplication   : Started AgendaCompartidaApplication in 1.691 seconds (process running for 2.193)
2025-10-25T14:40:32.165-03:00  INFO 20732 --- [agendaCompartida] [http-nio-8080-exec-1] o.a.c.c.C.[Tomcat].[localhost].[/]       : Initializing Spring DispatcherServlet 'dispatcherServlet'
2025-10-25T14:40:32.165-03:00  INFO 20732 --- [agendaCompartida] [http-nio-8080-exec-1] o.s.web.servlet.DispatcherServlet        : Initializing Servlet 'dispatcherServlet'
2025-10-25T14:40:32.166-03:00  INFO 20732 --- [agendaCompartida] [http-nio-8080-exec-1] o.s.web.servlet.DispatcherServlet        : Completed initialization in 0 ms
2025-10-25T14:40:44.223-03:00  INFO 20732 --- [agendaCompartida] [RMI TCP Connection(2)-127.0.0.1] inMXBeanRegistrar$SpringApplicationAdmin : Application shutdown requested.
2025-10-25T14:40:44.225-03:00  INFO 20732 --- [agendaCompartida] [RMI TCP Connection(2)-127.0.0.1] o.s.b.w.e.tomcat.GracefulShutdown        : Commencing graceful shutdown. Waiting for active requests to complete
2025-10-25T14:40:44.233-03:00  INFO 20732 --- [agendaCompartida] [tomcat-shutdown] o.s.b.w.e.tomcat.GracefulShutdown        : Graceful shutdown complete
2025-10-25T14:46:47.031-03:00  INFO 2908 --- [agendaCompartida] [main] c.s.a.AgendaCompartidaApplicationTests   : Starting AgendaCompartidaApplicationTests using Java 21.0.8 with PID 2908 (started by manue in C:\Users\manue\Desktop\BOOTCAMP JAVA TRAINEE\07_MODULO_6\agendaCompartida)
2025-10-25T14:46:47.031-03:00 DEBUG 2908 --- [agendaCompartida] [main] c.s.a.AgendaCompartidaApplicationTests   : Running with Spring Boot v3.5.7, Spring v6.2.12
2025-10-25T14:46:47.032-03:00  INFO 2908 --- [agendaCompartida] [main] c.s.a.AgendaCompartidaApplicationTests   : No active profile set, falling back to 1 default profile: "default"
2025-10-25T14:46:48.311-03:00  INFO 2908 --- [agendaCompartida] [main] c.s.a.AgendaCompartidaApplicationTests   : Started AgendaCompartidaApplicationTests in 1.59 seconds (process running for 2.514)
2025-10-25T14:46:49.050-03:00  INFO 2908 --- [agendaCompartida] [main] t.c.s.AnnotationConfigContextLoaderUtils : Could not detect default configuration classes for test class [com.skillnest.agenda.AgendaServiceTest]: AgendaServiceTest does not declare any static, non-private, non-final, nested classes annotated with @Configuration.
2025-10-25T14:46:49.055-03:00  INFO 2908 --- [agendaCompartida] [main] .b.t.c.SpringBootTestContextBootstrapper : Found @SpringBootConfiguration com.skillnest.agenda.AgendaCompartidaApplication for test class com.skillnest.agenda.AgendaServiceTest
2025-10-25T14:46:49.117-03:00  INFO 2908 --- [agendaCompartida] [main] com.skillnest.agenda.AgendaServiceTest   : Starting AgendaServiceTest using Java 21.0.8 with PID 2908 (started by manue in C:\Users\manue\Desktop\BOOTCAMP JAVA TRAINEE\07_MODULO_6\agendaCompartida)
2025-10-25T14:46:49.118-03:00 DEBUG 2908 --- [agendaCompartida] [main] com.skillnest.agenda.AgendaServiceTest   : Running with Spring Boot v3.5.7, Spring v6.2.12
2025-10-25T14:46:49.118-03:00  INFO 2908 --- [agendaCompartida] [main] com.skillnest.agenda.AgendaServiceTest   : No active profile set, falling back to 1 default profile: "default"
2025-10-25T14:46:49.373-03:00  INFO 2908 --- [agendaCompartida] [main] com.skillnest.agenda.AgendaServiceTest   : Started AgendaServiceTest in 0.296 seconds (process running for 3.575)
2025-10-25T15:03:33.051-03:00  INFO 15816 --- [agendaCompartida] [main] c.s.a.AgendaCompartidaApplicationTests   : Starting AgendaCompartidaApplicationTests using Java 21.0.8 with PID 15816 (started by manue in C:\Users\manue\Desktop\BOOTCAMP JAVA TRAINEE\07_MODULO_6\agendaCompartida)
2025-10-25T15:03:33.052-03:00 DEBUG 15816 --- [agendaCompartida] [main] c.s.a.AgendaCompartidaApplicationTests   : Running with Spring Boot v3.5.7, Spring v6.2.12
2025-10-25T15:03:33.053-03:00  INFO 15816 --- [agendaCompartida] [main] c.s.a.AgendaCompartidaApplicationTests   : No active profile set, falling back to 1 default profile: "default"
2025-10-25T15:03:34.369-03:00  INFO 15816 --- [agendaCompartida] [main] c.s.a.AgendaCompartidaApplicationTests   : Started AgendaCompartidaApplicationTests in 1.629 seconds (process running for 2.532)
2025-10-25T15:03:35.079-03:00  INFO 15816 --- [agendaCompartida] [main] t.c.s.AnnotationConfigContextLoaderUtils : Could not detect default configuration classes for test class [com.skillnest.agenda.AgendaServiceTest]: AgendaServiceTest does not declare any static, non-private, non-final, nested classes annotated with @Configuration.
2025-10-25T15:03:35.082-03:00  INFO 15816 --- [agendaCompartida] [main] .b.t.c.SpringBootTestContextBootstrapper : Found @SpringBootConfiguration com.skillnest.agenda.AgendaCompartidaApplication for test class com.skillnest.agenda.AgendaServiceTest
2025-10-25T15:03:35.142-03:00  INFO 15816 --- [agendaCompartida] [main] com.skillnest.agenda.AgendaServiceTest   : Starting AgendaServiceTest using Java 21.0.8 with PID 15816 (started by manue in C:\Users\manue\Desktop\BOOTCAMP JAVA TRAINEE\07_MODULO_6\agendaCompartida)
2025-10-25T15:03:35.143-03:00 DEBUG 15816 --- [agendaCompartida] [main] com.skillnest.agenda.AgendaServiceTest   : Running with Spring Boot v3.5.7, Spring v6.2.12
2025-10-25T15:03:35.143-03:00  INFO 15816 --- [agendaCompartida] [main] com.skillnest.agenda.AgendaServiceTest   : No active profile set, falling back to 1 default profile: "default"
2025-10-25T15:03:35.398-03:00  INFO 15816 --- [agendaCompartida] [main] com.skillnest.agenda.AgendaServiceTest   : Started AgendaServiceTest in 0.295 seconds (process running for 3.561)
2025-10-25T15:05:46.247-03:00  INFO 24956 --- [agendaCompartida] [main] c.s.a.AgendaCompartidaApplicationTests   : Starting AgendaCompartidaApplicationTests using Java 21.0.8 with PID 24956 (started by manue in C:\Users\manue\Desktop\BOOTCAMP JAVA TRAINEE\07_MODULO_6\agendaCompartida)
2025-10-25T15:05:46.247-03:00 DEBUG 24956 --- [agendaCompartida] [main] c.s.a.AgendaCompartidaApplicationTests   : Running with Spring Boot v3.5.7, Spring v6.2.12
2025-10-25T15:05:46.249-03:00  INFO 24956 --- [agendaCompartida] [main] c.s.a.AgendaCompartidaApplicationTests   : No active profile set, falling back to 1 default profile: "default"
2025-10-25T15:05:47.543-03:00  INFO 24956 --- [agendaCompartida] [main] c.s.a.AgendaCompartidaApplicationTests   : Started AgendaCompartidaApplicationTests in 1.592 seconds (process running for 2.607)
2025-10-25T15:05:48.258-03:00  INFO 24956 --- [agendaCompartida] [main] t.c.s.AnnotationConfigContextLoaderUtils : Could not detect default configuration classes for test class [com.skillnest.agenda.AgendaServiceTest]: AgendaServiceTest does not declare any static, non-private, non-final, nested classes annotated with @Configuration.
2025-10-25T15:05:48.262-03:00  INFO 24956 --- [agendaCompartida] [main] .b.t.c.SpringBootTestContextBootstrapper : Found @SpringBootConfiguration com.skillnest.agenda.AgendaCompartidaApplication for test class com.skillnest.agenda.AgendaServiceTest
2025-10-25T15:05:48.343-03:00  INFO 24956 --- [agendaCompartida] [main] com.skillnest.agenda.AgendaServiceTest   : Starting AgendaServiceTest using Java 21.0.8 with PID 24956 (started by manue in C:\Users\manue\Desktop\BOOTCAMP JAVA TRAINEE\07_MODULO_6\agendaCompartida)
2025-10-25T15:05:48.343-03:00 DEBUG 24956 --- [agendaCompartida] [main] com.skillnest.agenda.AgendaServiceTest   : Running with Spring Boot v3.5.7, Spring v6.2.12
2025-10-25T15:05:48.343-03:00  INFO 24956 --- [agendaCompartida] [main] com.skillnest.agenda.AgendaServiceTest   : No active profile set, falling back to 1 default profile: "default"
2025-10-25T15:05:48.587-03:00  INFO 24956 --- [agendaCompartida] [main] com.skillnest.agenda.AgendaServiceTest   : Started AgendaServiceTest in 0.298 seconds (process running for 3.651)
2025-10-25T15:10:25.422-03:00  INFO 14164 --- [agendaCompartida] [main] c.s.a.AgendaCompartidaApplicationTests   : Starting AgendaCompartidaApplicationTests using Java 21.0.8 with PID 14164 (started by manue in C:\Users\manue\Desktop\BOOTCAMP JAVA TRAINEE\07_MODULO_6\agendaCompartida)
2025-10-25T15:10:25.423-03:00 DEBUG 14164 --- [agendaCompartida] [main] c.s.a.AgendaCompartidaApplicationTests   : Running with Spring Boot v3.5.7, Spring v6.2.12
2025-10-25T15:10:25.423-03:00  INFO 14164 --- [agendaCompartida] [main] c.s.a.AgendaCompartidaApplicationTests   : No active profile set, falling back to 1 default profile: "default"
2025-10-25T15:10:26.686-03:00  INFO 14164 --- [agendaCompartida] [main] c.s.a.AgendaCompartidaApplicationTests   : Started AgendaCompartidaApplicationTests in 1.559 seconds (process running for 2.466)
2025-10-25T15:10:27.406-03:00  INFO 14164 --- [agendaCompartida] [main] t.c.s.AnnotationConfigContextLoaderUtils : Could not detect default configuration classes for test class [com.skillnest.agenda.AgendaServiceTest]: AgendaServiceTest does not declare any static, non-private, non-final, nested classes annotated with @Configuration.
2025-10-25T15:10:27.410-03:00  INFO 14164 --- [agendaCompartida] [main] .b.t.c.SpringBootTestContextBootstrapper : Found @SpringBootConfiguration com.skillnest.agenda.AgendaCompartidaApplication for test class com.skillnest.agenda.AgendaServiceTest
2025-10-25T15:10:27.467-03:00  INFO 14164 --- [agendaCompartida] [main] com.skillnest.agenda.AgendaServiceTest   : Starting AgendaServiceTest using Java 21.0.8 with PID 14164 (started by manue in C:\Users\manue\Desktop\BOOTCAMP JAVA TRAINEE\07_MODULO_6\agendaCompartida)
2025-10-25T15:10:27.468-03:00 DEBUG 14164 --- [agendaCompartida] [main] com.skillnest.agenda.AgendaServiceTest   : Running with Spring Boot v3.5.7, Spring v6.2.12
2025-10-25T15:10:27.468-03:00  INFO 14164 --- [agendaCompartida] [main] com.skillnest.agenda.AgendaServiceTest   : No active profile set, falling back to 1 default profile: "default"
2025-10-25T15:10:27.691-03:00  INFO 14164 --- [agendaCompartida] [main] com.skillnest.agenda.AgendaServiceTest   : Started AgendaServiceTest in 0.264 seconds (process running for 3.472)
2025-10-25T15:14:06.289-03:00  INFO 13328 --- [agendaCompartida] [main] c.s.a.AgendaCompartidaApplicationTests   : Starting AgendaCompartidaApplicationTests using Java 21.0.8 with PID 13328 (started by manue in C:\Users\manue\Desktop\BOOTCAMP JAVA TRAINEE\07_MODULO_6\agendaCompartida)
2025-10-25T15:14:06.290-03:00 DEBUG 13328 --- [agendaCompartida] [main] c.s.a.AgendaCompartidaApplicationTests   : Running with Spring Boot v3.5.7, Spring v6.2.12
2025-10-25T15:14:06.291-03:00  INFO 13328 --- [agendaCompartida] [main] c.s.a.AgendaCompartidaApplicationTests   : No active profile set, falling back to 1 default profile: "default"
2025-10-25T15:14:07.522-03:00  INFO 13328 --- [agendaCompartida] [main] c.s.a.AgendaCompartidaApplicationTests   : Started AgendaCompartidaApplicationTests in 1.527 seconds (process running for 2.409)
2025-10-25T15:14:08.188-03:00  INFO 13328 --- [agendaCompartida] [main] t.c.s.AnnotationConfigContextLoaderUtils : Could not detect default configuration classes for test class [com.skillnest.agenda.AgendaServiceTest]: AgendaServiceTest does not declare any static, non-private, non-final, nested classes annotated with @Configuration.
2025-10-25T15:14:08.191-03:00  INFO 13328 --- [agendaCompartida] [main] .b.t.c.SpringBootTestContextBootstrapper : Found @SpringBootConfiguration com.skillnest.agenda.AgendaCompartidaApplication for test class com.skillnest.agenda.AgendaServiceTest
2025-10-25T15:14:08.249-03:00  INFO 13328 --- [agendaCompartida] [main] com.skillnest.agenda.AgendaServiceTest   : Starting AgendaServiceTest using Java 21.0.8 with PID 13328 (started by manue in C:\Users\manue\Desktop\BOOTCAMP JAVA TRAINEE\07_MODULO_6\agendaCompartida)
2025-10-25T15:14:08.249-03:00 DEBUG 13328 --- [agendaCompartida] [main] com.skillnest.agenda.AgendaServiceTest   : Running with Spring Boot v3.5.7, Spring v6.2.12
2025-10-25T15:14:08.249-03:00  INFO 13328 --- [agendaCompartida] [main] com.skillnest.agenda.AgendaServiceTest   : No active profile set, falling back to 1 default profile: "default"
2025-10-25T15:14:08.477-03:00  INFO 13328 --- [agendaCompartida] [main] com.skillnest.agenda.AgendaServiceTest   : Started AgendaServiceTest in 0.264 seconds (process running for 3.363)
2025-10-25T15:14:40.529-03:00  INFO 30080 --- [agendaCompartida] [main] c.s.a.AgendaCompartidaApplicationTests   : Starting AgendaCompartidaApplicationTests using Java 21.0.8 with PID 30080 (started by manue in C:\Users\manue\Desktop\BOOTCAMP JAVA TRAINEE\07_MODULO_6\agendaCompartida)
2025-10-25T15:14:40.530-03:00 DEBUG 30080 --- [agendaCompartida] [main] c.s.a.AgendaCompartidaApplicationTests   : Running with Spring Boot v3.5.7, Spring v6.2.12
2025-10-25T15:14:40.531-03:00  INFO 30080 --- [agendaCompartida] [main] c.s.a.AgendaCompartidaApplicationTests   : No active profile set, falling back to 1 default profile: "default"
2025-10-25T15:14:41.752-03:00  INFO 30080 --- [agendaCompartida] [main] c.s.a.AgendaCompartidaApplicationTests   : Started AgendaCompartidaApplicationTests in 1.525 seconds (process running for 2.436)
2025-10-25T15:14:42.490-03:00  INFO 30080 --- [agendaCompartida] [main] t.c.s.AnnotationConfigContextLoaderUtils : Could not detect default configuration classes for test class [com.skillnest.agenda.AgendaServiceTest]: AgendaServiceTest does not declare any static, non-private, non-final, nested classes annotated with @Configuration.
2025-10-25T15:14:42.494-03:00  INFO 30080 --- [agendaCompartida] [main] .b.t.c.SpringBootTestContextBootstrapper : Found @SpringBootConfiguration com.skillnest.agenda.AgendaCompartidaApplication for test class com.skillnest.agenda.AgendaServiceTest
2025-10-25T15:14:42.559-03:00  INFO 30080 --- [agendaCompartida] [main] com.skillnest.agenda.AgendaServiceTest   : Starting AgendaServiceTest using Java 21.0.8 with PID 30080 (started by manue in C:\Users\manue\Desktop\BOOTCAMP JAVA TRAINEE\07_MODULO_6\agendaCompartida)
2025-10-25T15:14:42.559-03:00 DEBUG 30080 --- [agendaCompartida] [main] com.skillnest.agenda.AgendaServiceTest   : Running with Spring Boot v3.5.7, Spring v6.2.12
2025-10-25T15:14:42.559-03:00  INFO 30080 --- [agendaCompartida] [main] com.skillnest.agenda.AgendaServiceTest   : No active profile set, falling back to 1 default profile: "default"
2025-10-25T15:14:42.791-03:00  INFO 30080 --- [agendaCompartida] [main] com.skillnest.agenda.AgendaServiceTest   : Started AgendaServiceTest in 0.273 seconds (process running for 3.474)
2025-10-25T15:21:00.487-03:00  INFO 11820 --- [agendaCompartida] [main] c.s.a.AgendaCompartidaApplicationTests   : Starting AgendaCompartidaApplicationTests using Java 21.0.8 with PID 11820 (started by manue in C:\Users\manue\Desktop\BOOTCAMP JAVA TRAINEE\07_MODULO_6\agendaCompartida)
2025-10-25T15:21:00.488-03:00 DEBUG 11820 --- [agendaCompartida] [main] c.s.a.AgendaCompartidaApplicationTests   : Running with Spring Boot v3.5.7, Spring v6.2.12
2025-10-25T15:21:00.489-03:00  INFO 11820 --- [agendaCompartida] [main] c.s.a.AgendaCompartidaApplicationTests   : No active profile set, falling back to 1 default profile: "default"
2025-10-25T15:21:01.843-03:00  INFO 11820 --- [agendaCompartida] [main] c.s.a.AgendaCompartidaApplicationTests   : Started AgendaCompartidaApplicationTests in 1.673 seconds (process running for 2.58)
2025-10-25T15:21:02.642-03:00  INFO 11820 --- [agendaCompartida] [main] t.c.s.AnnotationConfigContextLoaderUtils : Could not detect default configuration classes for test class [com.skillnest.agenda.AgendaServiceTest]: AgendaServiceTest does not declare any static, non-private, non-final, nested classes annotated with @Configuration.
2025-10-25T15:21:02.646-03:00  INFO 11820 --- [agendaCompartida] [main] .b.t.c.SpringBootTestContextBootstrapper : Found @SpringBootConfiguration com.skillnest.agenda.AgendaCompartidaApplication for test class com.skillnest.agenda.AgendaServiceTest
2025-10-25T15:21:02.710-03:00  INFO 11820 --- [agendaCompartida] [main] com.skillnest.agenda.AgendaServiceTest   : Starting AgendaServiceTest using Java 21.0.8 with PID 11820 (started by manue in C:\Users\manue\Desktop\BOOTCAMP JAVA TRAINEE\07_MODULO_6\agendaCompartida)
2025-10-25T15:21:02.711-03:00 DEBUG 11820 --- [agendaCompartida] [main] com.skillnest.agenda.AgendaServiceTest   : Running with Spring Boot v3.5.7, Spring v6.2.12
2025-10-25T15:21:02.711-03:00  INFO 11820 --- [agendaCompartida] [main] com.skillnest.agenda.AgendaServiceTest   : No active profile set, falling back to 1 default profile: "default"
2025-10-25T15:21:02.946-03:00  INFO 11820 --- [agendaCompartida] [main] com.skillnest.agenda.AgendaServiceTest   : Started AgendaServiceTest in 0.276 seconds (process running for 3.682)
